  [4;36;1mSQL (0.000336)[0m   [0;1m SELECT name
 FROM sqlite_master
 WHERE type = 'table' AND NOT name = 'sqlite_sequence'
[0m
  [4;35;1mSQL (0.021127)[0m   [0mselect sqlite_version(*)[0m
  [4;36;1mSQL (0.002710)[0m   [0;1mCREATE TABLE "schema_migrations" ("version" varchar(255) NOT NULL) [0m
  [4;35;1mSQL (0.002743)[0m   [0mCREATE UNIQUE INDEX "unique_schema_migrations" ON "schema_migrations" ("version")[0m
  [4;36;1mSQL (0.000741)[0m   [0;1m SELECT name
 FROM sqlite_master
 WHERE type = 'table' AND NOT name = 'sqlite_sequence'
[0m
  [4;35;1mSQL (0.000179)[0m   [0mSELECT version FROM schema_migrations[0m
Migrating to CreateAccounts (20080429160807)
  [4;36;1mSQL (0.000138)[0m   [0;1mSELECT version FROM schema_migrations[0m
  [4;35;1mSQL (0.002491)[0m   [0mCREATE TABLE "accounts" ("id" INTEGER PRIMARY KEY AUTOINCREMENT NOT NULL, "username" varchar(255) NOT NULL, "created_at" datetime DEFAULT NULL, "updated_at" datetime DEFAULT NULL) [0m
  [4;36;1mSQL (0.002056)[0m   [0;1mINSERT INTO schema_migrations (version) VALUES ('20080429160807')[0m
  [4;35;1mSQL (0.000319)[0m   [0mSELECT version FROM schema_migrations[0m
  [4;36;1mSQL (0.000332)[0m   [0;1m SELECT name
 FROM sqlite_master
 WHERE type = 'table' AND NOT name = 'sqlite_sequence'
[0m
  [4;35;1mSQL (0.000079)[0m   [0mPRAGMA index_list("accounts")[0m
